#
# There is insufficient memory for the Java Runtime Environment to continue.
# Native memory allocation (mmap) failed to map 266338304 bytes for G1 virtual space
# Possible reasons:
#   The system is out of physical RAM or swap space
#   The process is running with CompressedOops enabled, and the Java Heap may be blocking the growth of the native heap
# Possible solutions:
#   Reduce memory load on the system
#   Increase physical memory or swap space
#   Check if swap backing store is full
#   Decrease Java heap size (-Xmx/-Xms)
#   Decrease number of Java threads
#   Decrease Java thread stack sizes (-Xss)
#   Set larger code cache with -XX:ReservedCodeCacheSize=
#   JVM is running with Zero Based Compressed Oops mode in which the Java heap is
#     placed in the first 32GB address space. The Java Heap base address is the
#     maximum limit for the native heap growth. Please use -XX:HeapBaseMinAddress
#     to set the Java Heap base and to place the Java Heap above 32GB virtual address.
# This output file may be truncated or incomplete.
#
#  Out of Memory Error (os_windows.cpp:3753), pid=20220, tid=11432
#
# JRE version:  (17.0.4+7) (build )
# Java VM: OpenJDK 64-Bit Server VM (17.0.4+7-b469.53, mixed mode, sharing, tiered, compressed oops, compressed class ptrs, g1 gc, windows-amd64)
# No core dump will be written. Minidumps are not enabled by default on client versions of Windows
#

---------------  S U M M A R Y ------------

Command Line: git4idea.http.GitAskPassApp Username for 'https://github.com': 

Host: 11th Gen Intel(R) Core(TM) i7-11800H @ 2.30GHz, 16 cores, 15G,  Windows 11 , 64 bit Build 26100 (10.0.26100.5074)
Time: Sat Sep 20 10:47:03 2025 SE Asia Standard Time elapsed time: 2.044010 seconds (0d 0h 0m 2s)

---------------  T H R E A D  ---------------

Current thread (0x000001ec3158e030):  JavaThread "Unknown thread" [_thread_in_vm, id=11432, stack(0x0000009289d00000,0x0000009289e00000)]

Stack: [0x0000009289d00000,0x0000009289e00000]
Native frames: (J=compiled Java code, j=interpreted, Vv=VM code, C=native code)
V  [jvm.dll+0x68348a]
V  [jvm.dll+0x83faf4]
V  [jvm.dll+0x84129e]
V  [jvm.dll+0x841903]
V  [jvm.dll+0x2494a5]
V  [jvm.dll+0x680359]
V  [jvm.dll+0x67499a]
V  [jvm.dll+0x3092db]
V  [jvm.dll+0x310796]
V  [jvm.dll+0x36077e]
V  [jvm.dll+0x3609af]
V  [jvm.dll+0x2df3c8]
V  [jvm.dll+0x2e0334]
V  [jvm.dll+0x8112e1]
V  [jvm.dll+0x36e5d1]
V  [jvm.dll+0x7f06bc]
V  [jvm.dll+0x3f16ef]
V  [jvm.dll+0x3f3231]
C  [jli.dll+0x526b]
C  [ucrtbase.dll+0x37b0]
C  [KERNEL32.DLL+0x2e8d7]
C  [ntdll.dll+0x8d9c]


---------------  P R O C E S S  ---------------

Threads class SMR info:
_java_thread_list=0x00007ffa954e7f18, length=0, elements={
}

Java Threads: ( => current thread )

Other Threads:
  0x000001ec315fc140 GCTaskThread "GC Thread#0" [stack: 0x0000009289e00000,0x0000009289f00000] [id=20292]
  0x000001ec3160ccd0 ConcurrentGCThread "G1 Main Marker" [stack: 0x0000009289f00000,0x000000928a000000] [id=22208]
  0x000001ec3160e480 ConcurrentGCThread "G1 Conc#0" [stack: 0x000000928a000000,0x000000928a100000] [id=6596]

[error occurred during error reporting (printing all threads), id 0xc0000005, EXCEPTION_ACCESS_VIOLATION (0xc0000005) at pc=0x00007ffa94c9ff87]

VM state: not at safepoint (not fully initialized)

VM Mutex/Monitor currently owned by a thread:  ([mutex/lock_event])
[0x000001ec3158a440] Heap_lock - owner thread: 0x000001ec3158e030

Heap address: 0x0000000703a00000, size: 4038 MB, Compressed Oops mode: Zero based, Oop shift amount: 3

CDS archive(s) mapped at: [0x0000000000000000-0x0000000000000000-0x0000000000000000), size 0, SharedBaseAddress: 0x0000000800000000, ArchiveRelocationMode: 0.
Narrow klass base: 0x0000000000000000, Narrow klass shift: 0, Narrow klass range: 0x0

GC Precious Log:
<Empty>

Heap:
 garbage-first heap   total 0K, used 0K [0x0000000703a00000, 0x0000000800000000)
  region size 2048K, 0 young (0K), 0 survivors (0K)

[error occurred during error reporting (printing heap information), id 0xc0000005, EXCEPTION_ACCESS_VIOLATION (0xc0000005) at pc=0x00007ffa9508d119]

GC Heap History (0 events):
No events

Deoptimization events (0 events):
No events

Classes unloaded (0 events):
No events

Classes redefined (0 events):
No events

Internal exceptions (0 events):
No events

VM Operations (0 events):
No events

Events (1 events):
Event: 0.011 Loaded shared library C:\Program Files\JetBrains\IntelliJ IDEA 2022.2.2\jbr\bin\java.dll


Dynamic libraries:
0x00007ff67e370000 - 0x00007ff67e37a000 	C:\Program Files\JetBrains\IntelliJ IDEA 2022.2.2\jbr\bin\java.exe
0x00007ffb258e0000 - 0x00007ffb25b49000 	C:\WINDOWS\SYSTEM32\ntdll.dll
0x00007ffaf8990000 - 0x00007ffaf89b0000 	C:\Program Files\AVG\Antivirus\aswhook.dll
0x00007ffb24650000 - 0x00007ffb24719000 	C:\WINDOWS\System32\KERNEL32.DLL
0x00007ffb23180000 - 0x00007ffb23573000 	C:\WINDOWS\System32\KERNELBASE.dll
0x00007ffb22bf0000 - 0x00007ffb22d3b000 	C:\WINDOWS\System32\ucrtbase.dll
0x00007ffb12580000 - 0x00007ffb12597000 	C:\Program Files\JetBrains\IntelliJ IDEA 2022.2.2\jbr\bin\jli.dll
0x00007ffafc8b0000 - 0x00007ffafc8cb000 	C:\Program Files\JetBrains\IntelliJ IDEA 2022.2.2\jbr\bin\VCRUNTIME140.dll
0x00007ffb24bb0000 - 0x00007ffb24d74000 	C:\WINDOWS\System32\USER32.dll
0x00007ffb09fd0000 - 0x00007ffb0a263000 	C:\WINDOWS\WinSxS\amd64_microsoft.windows.common-controls_6595b64144ccf1df_6.0.26100.5074_none_3e0d6f78e32fd63f\COMCTL32.dll
0x00007ffb22a70000 - 0x00007ffb22a97000 	C:\WINDOWS\System32\win32u.dll
0x00007ffb23800000 - 0x00007ffb238a9000 	C:\WINDOWS\System32\msvcrt.dll
0x00007ffb24d80000 - 0x00007ffb24dab000 	C:\WINDOWS\System32\GDI32.dll
0x00007ffb23580000 - 0x00007ffb236ad000 	C:\WINDOWS\System32\gdi32full.dll
0x00007ffb22aa0000 - 0x00007ffb22b43000 	C:\WINDOWS\System32\msvcp_win.dll
0x00007ffb24db0000 - 0x00007ffb24ddf000 	C:\WINDOWS\System32\IMM32.DLL
0x00007ffb099d0000 - 0x00007ffb099dc000 	C:\Program Files\JetBrains\IntelliJ IDEA 2022.2.2\jbr\bin\vcruntime140_1.dll
0x00007ffa6bcd0000 - 0x00007ffa6bd5d000 	C:\Program Files\JetBrains\IntelliJ IDEA 2022.2.2\jbr\bin\msvcp140.dll
0x00007ffa949b0000 - 0x00007ffa95619000 	C:\Program Files\JetBrains\IntelliJ IDEA 2022.2.2\jbr\bin\server\jvm.dll
0x00007ffb254a0000 - 0x00007ffb25554000 	C:\WINDOWS\System32\ADVAPI32.dll
0x00007ffb253a0000 - 0x00007ffb25446000 	C:\WINDOWS\System32\sechost.dll
0x00007ffb236b0000 - 0x00007ffb237c8000 	C:\WINDOWS\System32\RPCRT4.dll
0x00007ffb250b0000 - 0x00007ffb250b8000 	C:\WINDOWS\System32\PSAPI.DLL
0x00007ffb11da0000 - 0x00007ffb11dab000 	C:\WINDOWS\SYSTEM32\VERSION.dll
0x00007ffb0a450000 - 0x00007ffb0a485000 	C:\WINDOWS\SYSTEM32\WINMM.dll
0x00007ffb06580000 - 0x00007ffb0658a000 	C:\WINDOWS\SYSTEM32\WSOCK32.dll
0x00007ffb24720000 - 0x00007ffb24794000 	C:\WINDOWS\System32\WS2_32.dll
0x00007ffb21850000 - 0x00007ffb2186b000 	C:\WINDOWS\SYSTEM32\kernel.appcore.dll
0x00007ffa949a0000 - 0x00007ffa949aa000 	C:\Program Files\JetBrains\IntelliJ IDEA 2022.2.2\jbr\bin\jimage.dll
0x00007ffb201d0000 - 0x00007ffb20412000 	C:\WINDOWS\SYSTEM32\DBGHELP.DLL
0x00007ffb247a0000 - 0x00007ffb24b1b000 	C:\WINDOWS\System32\combase.dll
0x00007ffb238b0000 - 0x00007ffb23987000 	C:\WINDOWS\System32\OLEAUT32.dll
0x00007ffb10210000 - 0x00007ffb1024d000 	C:\WINDOWS\SYSTEM32\dbgcore.DLL
0x00007ffb22b50000 - 0x00007ffb22be9000 	C:\WINDOWS\System32\bcryptPrimitives.dll
0x00007ffa94970000 - 0x00007ffa94995000 	C:\Program Files\JetBrains\IntelliJ IDEA 2022.2.2\jbr\bin\java.dll

dbghelp: loaded successfully - version: 4.0.5 - missing functions: none
symbol engine: initialized successfully - sym options: 0x614 - pdb path: .;C:\Program Files\JetBrains\IntelliJ IDEA 2022.2.2\jbr\bin;C:\WINDOWS\SYSTEM32;C:\Program Files\AVG\Antivirus;C:\WINDOWS\WinSxS\amd64_microsoft.windows.common-controls_6595b64144ccf1df_6.0.26100.5074_none_3e0d6f78e32fd63f;C:\Program Files\JetBrains\IntelliJ IDEA 2022.2.2\jbr\bin\server

VM Arguments:
java_command: git4idea.http.GitAskPassApp Username for 'https://github.com': 
java_class_path (initial): C:/Program Files/JetBrains/IntelliJ IDEA 2022.2.2/plugins/git4idea/lib/git4idea-rt.jar;C:/Program Files/JetBrains/IntelliJ IDEA 2022.2.2/lib/externalProcess-rt.jar;C:/Program Files/JetBrains/IntelliJ IDEA 2022.2.2/lib/app.jar;C:/Program Files/JetBrains/IntelliJ IDEA 2022.2.2/lib/3rd-party-rt.jar
Launcher Type: SUN_STANDARD

[Global flags]
     intx CICompilerCount                          = 12                                        {product} {ergonomic}
     uint ConcGCThreads                            = 3                                         {product} {ergonomic}
     uint G1ConcRefinementThreads                  = 13                                        {product} {ergonomic}
   size_t G1HeapRegionSize                         = 2097152                                   {product} {ergonomic}
    uintx GCDrainStackTargetSize                   = 64                                        {product} {ergonomic}
   size_t InitialHeapSize                          = 266338304                                 {product} {ergonomic}
   size_t MarkStackSize                            = 4194304                                   {product} {ergonomic}
   size_t MaxHeapSize                              = 4234149888                                {product} {ergonomic}
   size_t MinHeapDeltaBytes                        = 2097152                                   {product} {ergonomic}
   size_t MinHeapSize                              = 8388608                                   {product} {ergonomic}
    uintx NonNMethodCodeHeapSize                   = 7602480                                {pd product} {ergonomic}
    uintx NonProfiledCodeHeapSize                  = 122027880                              {pd product} {ergonomic}
    uintx ProfiledCodeHeapSize                     = 122027880                              {pd product} {ergonomic}
    uintx ReservedCodeCacheSize                    = 251658240                              {pd product} {ergonomic}
     bool SegmentedCodeCache                       = true                                      {product} {ergonomic}
   size_t SoftMaxHeapSize                          = 4234149888                             {manageable} {ergonomic}
     bool UseCompressedClassPointers               = true                           {product lp64_product} {ergonomic}
     bool UseCompressedOops                        = true                           {product lp64_product} {ergonomic}
     bool UseG1GC                                  = true                                      {product} {ergonomic}
     bool UseLargePagesIndividualAllocation        = false                                  {pd product} {ergonomic}

Logging:
Log output configuration:
 #0: stdout all=warning uptime,level,tags
 #1: stderr all=off uptime,level,tags

Environment Variables:
JAVA_HOME=C:\Users\ADMIN\.jdks\corretto-17.0.10
PATH=C:/Program Files/Git/mingw64/libexec/git-core;C:/Program Files/Git/mingw64/libexec/git-core;C:\Program Files\Git\mingw64\bin;C:\Program Files\Git\usr\bin;C:\Users\ADMIN\bin;D:\VMWare\bin\;C:\Program Files\OpenSSL-Win64\bin;C:\Windows\system32;C:\Windows\System32\Wbem;C:\Windows\System32\WindowsPowerShell\v1.0\;C:\Windows\System32\OpenSSH\;C:\Program Files (x86)\NVIDIA Corporation\PhysX\Common;C:\Program Files\NVIDIA Corporation\NVIDIA NvDLISR;C:\Program Files (x86)\Git\cmd;C:\Program Files (x86)\Microsoft SQL Server\160\Tools\Binn\;C:\Program Files\Microsoft SQL Server\160\Tools\Binn\;C:\Program Files\Microsoft SQL Server\Client SDK\ODBC\170\Tools\Binn\;C:\Program Files\Microsoft SQL Server\160\DTS\Binn\;C:\WINDOWS\system32;C:\WINDOWS;C:\WINDOWS\System32\Wbem;C:\WINDOWS\System32\WindowsPowerShell\v1.0\;C:\WINDOWS\System32\OpenSSH\;C:\Program Files (x86)\Microsoft SQL Server\160\DTS\Binn\;C:\Program Files\Git\cmd;C:\Program Files\nodejs\;C:\Program Files\Cloudflare\Cloudflare WARP\;C:\apache-maven-3.6.3-bin\apache-maven-3.6.3\bin;C:\Program Files\TortoiseGit\bin;C:\Program Files\Docker\Docker\resources\bin;C:\Users\ADMIN\AppData\Local\Google\Cloud SDK\google-cloud-sdk\bin;C:\Users\ADMIN\.jdks\corretto-17.0.10\bin;C:\Program Files\Java\jdk1.8.0_361\bin;C:\Program Files\Common Files\Oracle\Java\javapath;C:\Program Files (x86)\Common Files\Oracle\Java\java8path;C:\Program Files (x86)\Common Files\Oracle\Java\javapath;D:\VMWare\bin\;C:\Program Files\OpenSSL-Win64\bin;C:\Windows\system32;C:\Windows\System32\Wbem;C:\Windows\System32\WindowsPowerShell\v1.0\;C:\Windows\System32\OpenSSH\;C:\Program Files (x86)\NVIDIA Corporation\PhysX\Common;C:\Program Files\NVIDIA Corporation\NVIDIA NvDLISR;C:\Program Files\Java\jdk1.8.0_361\bin;C:\Program Files (x86)\Git\cmd;C:\Program Files (x86)\Microsoft SQL Server\160\Tools\Binn\;C:\Program Files\Microsoft SQL Server\160\Tools\Binn\;C:\Program Files\Microsoft SQL Server\Client SDK\ODBC\170\Tools\Binn\;C:\Program Files\Microsoft SQL Se
USERNAME=ADMIN
DISPLAY=:0.0
LC_ALL=en_US.UTF-8
TERM=xterm-256color
TMPDIR=C:\Users\ADMIN\AppData\Local\Temp
OS=Windows_NT
PROCESSOR_IDENTIFIER=Intel64 Family 6 Model 141 Stepping 1, GenuineIntel
TMP=C:\Users\ADMIN\AppData\Local\Temp
TEMP=C:\Users\ADMIN\AppData\Local\Temp



---------------  S Y S T E M  ---------------

OS:
 Windows 11 , 64 bit Build 26100 (10.0.26100.5074)
OS uptime: 0 days 0:22 hours
Hyper-V role detected

CPU: total 16 (initial active 16) (8 cores per cpu, 2 threads per core) family 6 model 141 stepping 1 microcode 0x3c, cx8, cmov, fxsr, ht, mmx, 3dnowpref, sse, sse2, sse3, ssse3, sse4.1, sse4.2, popcnt, lzcnt, tsc, tscinvbit, avx, avx2, aes, erms, clmul, bmi1, bmi2, adx, avx512f, avx512dq, avx512cd, avx512bw, avx512vl, sha, fma, vzeroupper, avx512_vpopcntdq, avx512_vpclmulqdq, avx512_vaes, avx512_vnni, clflush, clflushopt, clwb, avx512_vbmi2, avx512_vbmi, hv

Memory: 4k page, system-wide physical 16147M (1885M free)
TotalPageFile size 20243M (AvailPageFile size 166M)
current process WorkingSet (physical memory assigned to process): 12M, peak: 12M
current process commit charge ("private bytes"): 71M, peak: 325M

vm_info: OpenJDK 64-Bit Server VM (17.0.4+7-b469.53) for windows-amd64 JRE (17.0.4+7-b469.53), built on 2022-08-29 by "builduser" with MS VC++ 16.10 / 16.11 (VS2019)

END.
